flexqrreader/build/intermediates/manifest_merge_blame_file/debug/manifest-merger-blame-debug-report.txt
1<?xml version="1.0" encoding="utf-8"?>
2<manifest xmlns:android="http://schemas.android.com/apk/res/android"
3    package="net.aliaslab.securecall.flexqrreader" >
4
5    <uses-sdk
6        android:minSdkVersion="21"
6-->src\main\AndroidManifest.xml
7        android:targetSdkVersion="33" />
7-->src\main\AndroidManifest.xml
8
9    <uses-permission android:name="android.permission.CAMERA" />
9-->src\main\AndroidManifest.xml:4:5-65
9-->src\main\AndroidManifest.xml:4:22-62
10    <uses-permission
10-->src\main\AndroidManifest.xml:5:5-93
11        android:name="android.permission.FLASHLIGHT"
11-->src\main\AndroidManifest.xml:5:22-66
12        android:required="false" />
12-->src\main\AndroidManifest.xml:5:67-91
13
14    <uses-feature android:name="android.hardware.camera.any" />
14-->src\main\AndroidManifest.xml:7:5-64
14-->src\main\AndroidManifest.xml:7:19-61
15    <uses-feature
15-->src\main\AndroidManifest.xml:8:5-10:36
16        android:name="android.hardware.camera.autofocus"
16-->src\main\AndroidManifest.xml:9:9-57
17        android:required="false" />
17-->src\main\AndroidManifest.xml:10:9-33
18    <uses-feature
18-->src\main\AndroidManifest.xml:11:5-13:36
19        android:name="android.hardware.camera.flash"
19-->src\main\AndroidManifest.xml:12:9-53
20        android:required="false" />
20-->src\main\AndroidManifest.xml:13:9-33
21    <uses-feature android:name="android.hardware.screen.landscape" />
21-->src\main\AndroidManifest.xml:14:5-70
21-->src\main\AndroidManifest.xml:14:19-67
22    <uses-feature
22-->src\main\AndroidManifest.xml:15:5-17:36
23        android:name="android.hardware.wifi"
23-->src\main\AndroidManifest.xml:16:9-45
24        android:required="false" />
24-->src\main\AndroidManifest.xml:17:9-33
25
26    <application>
26-->src\main\AndroidManifest.xml:19:5-32:19
27        <activity
27-->src\main\AndroidManifest.xml:20:9-22:40
28            android:name="net.aliaslab.securecall.flexqrreader.AdaptiveScanningActivity"
28-->src\main\AndroidManifest.xml:21:13-53
29            android:exported="false" />
29-->src\main\AndroidManifest.xml:22:13-37
30        <activity
30-->src\main\AndroidManifest.xml:23:9-25:40
31            android:name="net.aliaslab.securecall.flexqrreader.DefaultAdaptiveScanningActivity"
31-->src\main\AndroidManifest.xml:24:13-60
32            android:exported="false" />
32-->src\main\AndroidManifest.xml:25:13-37
33        <activity
33-->src\main\AndroidManifest.xml:26:9-28:40
34            android:name="net.aliaslab.securecall.flexqrreader.zxing.ZXScanActivity"
34-->src\main\AndroidManifest.xml:27:13-49
35            android:exported="false" />
35-->src\main\AndroidManifest.xml:28:13-37
36        <activity
36-->src\main\AndroidManifest.xml:29:9-31:40
37            android:name="net.aliaslab.securecall.flexqrreader.playvision.camerax.QRScanActivityX"
37-->src\main\AndroidManifest.xml:30:13-63
38            android:exported="false" />
38-->src\main\AndroidManifest.xml:31:13-37
39    </application>
40
41</manifest>